1511339002348	geckodriver	INFO	geckodriver 0.19.1
1511339002359	geckodriver	INFO	Listening on 127.0.0.1:13922
1511339004387	mozrunner::runner	INFO	Running command: "C:\\Program Files (x86)\\Mozilla Firefox\\firefox.exe" "-marionette" "-profile" "C:\\Users\\ADMINI~1\\AppData\\Local\\Temp\\rust_mozprofile.0aR4sUkMy3G5"
1511339005111	addons.xpi	WARN	Error parsing extensions state: [Exception... "Component returned failure code: 0x80520012 (NS_ERROR_FILE_NOT_FOUND) [amIAddonManagerStartup.readStartupData]"  nsresult: "0x80520012 (NS_ERROR_FILE_NOT_FOUND)"  location: "JS frame :: resource://gre/modules/addons/XPIProvider.jsm :: loadExtensionState :: line 1554"  data: no] Stack trace: loadExtensionState()@resource://gre/modules/addons/XPIProvider.jsm:1554 < getInstallState()@resource://gre/modules/addons/XPIProvider.jsm:1589 < checkForChanges()@resource://gre/modules/addons/XPIProvider.jsm:3109 < startup()@resource://gre/modules/addons/XPIProvider.jsm:2188 < callProvider()@resource://gre/modules/AddonManager.jsm:269 < _startProvider()@resource://gre/modules/AddonManager.jsm:739 < startup()@resource://gre/modules/AddonManager.jsm:906 < startup()@resource://gre/modules/AddonManager.jsm:3090 < observe()@jar:file:///C:/Program%20Files%20(x86)/Mozilla%20Firefox/omni.ja!/components/addonManager.js:65
1511339005730	Marionette	INFO	Enabled via --marionette
[Parent 17256] WARNING: pipe error: 109: file z:/build/build/src/ipc/chromium/src/chrome/common/ipc_channel_win.cc, line 346
[Child 18420] WARNING: pipe error: 109: file z:/build/build/src/ipc/chromium/src/chrome/com[Parent 10264] WARNING: pipe error: 109: file z:/build/build/src/ipc/chromium/src/chrome/common/ipc_channel_win.cc, line 346
[Child 15084] WARNING: pipe error: 109: file z:/build/build/src/ipc/chromium/src/chrome/common/ipc_channel_win.cc, line 346
[Child 15020] WARNING: pipe error: 109: file z:/build/build/src/ipc/chromium/src/chrome/common/ipc_channel_win.cc, line 346
[Child 15020] WARNING: pipe error: 109: file z:/build/build/src/ipc/chromium/src/chrome/common/ipc_channel_win.cc, line 346
[GPU 15424] WARNING: pipe error: 109: file z:/build/build/src/ipc/chromium/src/chrome/common/ipc_channel_win.cc, line 346

###!!! [Child][MessageChannel::SendAndWait] Error: Channel error: cannot send/recv

ommon/ipc_channel_win.cc, line 346

###!!! [Child][MessageChannel::SendAndWait] Error: Channel error: cannot send/recv

dmin/index/login.html"
1511339019102	Marionette	DEBUG	Received DOM event "beforeunload" for "http://crm.guxiansheng.cn/admin/index/login.html"
1511339019182	Marionette	DEBUG	Received DOM event "pagehide" for "http://crm.guxiansheng.cn/admin/index/login.html"
1511339019183	Marionette	DEBUG	Received DOM event "unload" for "http://crm.guxiansheng.cn/admin/index/login.html"
1511339019306	Marionette	DEBUG	Received DOM event "DOMContentLoaded" for "http://crm.guxiansheng.cn/admin/index/index"
1511339019308	Marionette	DEBUG	Received DOM event "pageshow" for "http://crm.guxiansheng.cn/admin/index/index"
l] Error: (msgtype=0x150084,name=PBrowser::Msg_UpdateNativeWindowHandle) Closed channel: cannot send/recv


###!!! [Parent][MessageChannel] Error: (msgtype=0x150078,name=PBrowser::Msg_Destroy) Closed channel: cannot send/recv


###!!! [Child][MessageChannel] Error: (msgtype=0x4B0030,name=PNecko::Msg_GetExtensionFD) Channel closing: too late to send/recv, messages will be lost


###!!! [Child][MessageChannel] Error: (msgtype=0x4B0030,name=PNecko::Msg_GetExtensionFD) Channel closing: too late to send/recv, messages will be lost


###!!! [Child][MessageChannel] Error: (msgtype=0x670001,name=PScriptCache::Msg___delete__) Channel closing: too late to send/recv, messages will be lost


###!!! [Child][MessageChannel] Error: (msgtype=0x150001,name=PBrowser::Msg_AsyncMessage) Closed channel: cannot send/recv

JavaScript error: chrome://global/content/browser-child.js, line 125: NS_ERROR_UNEXPECTED: Component returned failure code: 0x8000ffff (NS_ERROR_UNEXPECTED) [nsIMessageSender.sendAsyncMessage]

###!!! [Child][MessageChannel] Error: (msgtype=0x150001,name=PBrowser::Msg_AsyncMessage) Closed channel: cannot send/recv

JavaScript error: chrome://global/content/browser-child.js, line 125: NS_ERROR_UNEXPECTED: Component returned failure code: 0x8000ffff (NS_ERROR_UNEXPECTED) [nsIMessageSender.sendAsyncMessage]
*** UTM:SVC TimerManager:registerTimer called after profile-before-change notification. Ignoring timer registration for id: telemetry_modules_ping
[GPU 17012] WARNING: pipe error: 109: file z:/build/build/src/ipc/chromium/src/chrome/common/ipc_channel_win.cc, line 346

###!!! [Child][MessageChannel::SendAndWait] Error: Channel error: cannot send/recv

tte	DEBUG	Received DOM event "unload" for "http://crm.guxiansheng.cn/admin/index/index"
1511316978988	Marionette	DEBUG	Received DOM event "DOMContentLoaded" for "http://crm.guxiansheng.cn/admin/user"
1511316978990	Marionette	DEBUG	Received DOM event "pageshow" for "http://crm.guxiansheng.cn/admin/user"
1511316982344	Marionette	DEBUG	Canceled page load listener because no navigation has been detected
1511316983575	Marionette	DEBUG	Canceled page load listener because no navigation has been detected
1511316993487	Marionette	DEBUG	Canceled page load listener because no navigation has been detected
1511316996814	Marionette	DEBUG	Canceled page load listener because no navigation has been detected
1511316998041	Marionette	DEBUG	Canceled page load listener because no navigation has been detected
JavaScript error: http://crm.guxiansheng.cn/assets/js/base/layers.js?1511316978986, line 128: Error: toast:msgùa
%BF%9E%E6%8E%A5%E6%97%B6%E8%A2%AB%E6%8B%92%E7%BB%9D%E3%80%82"
1511316874991	Marionette	DEBUG	Received DOM event "DOMContentLoaded" for "about:neterror?e=proxyConnectFailure&u=http%3A//crm.guxiansheng.cn/&c=UTF-8&f=regular&d=Firefox%20%E5%B0%9D%E8%AF%95%E4%B8%8E%E6%82%A8%E6%8C%87%E5%AE%9A%E7%9A%84%E4%BB%A3%E7%90%86%E6%9C%8D%E5%8A%A1%E5%99%A8%E8%BF%9E%E6%8E%A5%E6%97%B6%E8%A2%AB%E6%8B%92%E7%BB%9D%E3%80%82"
1511316875988	Marionette	DEBUG	Received DOM event "beforeunload" for "about:neterror?e=proxyConnectFailure&u=http%3A//crm.guxiansheng.cn/&c=UTF-8&f=regular&d=Firefox%20%E5%B0%9D%E8%AF%95%E4%B8%8E%E6%82%A8%E6%8C%87%E5%AE%9A%E7%9A%84%E4%BB%A3%E7%90%86%E6%9C%8D%E5%8A%A1%E5%99%A8%E8%BF%9E%E6%8E%A5%E6%97%B6%E8%A2%AB%E6%8B%92%E7%BB%9D%E3%80%82"
1511316876998	Marionette	DEBUG	Received DOM event "beforeunload" for "about:neterror?e=proxyConnectFailure&u=http%3A//crm.guxiansheng.cn/&c=UTF-8&f=regular&d=Firefox%20%E5%B0%9D%E8%AF%95%E4%B8%8E%E6%82%A8%E6%8C%87%E5%AE%9A%E7%9A%84%E4%BB%A3%E7%90%86%E6%9C%8D%E5%8A%A1%E5%99%A8%E8%BF%9E%E6%8E%A5%E6%97%B6%E8%A2%AB%E6%8B%92%E7%BB%9D%E3%80%82"
1511316876999	Marionette	DEBUG	Received DOM event "pagehide" for "about:neterror?e=proxyConnectFailure&u=http%3A//crm.guxiansheng.cn/&c=UTF-8&f=regular&d=Firefox%20%E5%B0%9D%E8%AF%95%E4%B8%8E%E6%82%A8%E6%8C%87%E5%AE%9A%E7%9A%84%E4%BB%A3%E7%90%86%E6%9C%8D%E5%8A%A1%E5%99%A8%E8%BF%9E%E6%8E%A5%E6%97%B6%E8%A2%AB%E6%8B%92%E7%BB%9D%E3%80%82"
1511316877000	Marionette	DEBUG	Received DOM event "unload" for "about:neterror?e=proxyConnectFailure&u=http%3A//crm.guxiansheng.cn/&c=UTF-8&f=regular&d=Firefox%20%E5%B0%9D%E8%AF%95%E4%B8%8E%E6%82%A8%E6%8C%87%E5%AE%9A%E7%9A%84%E4%BB%A3%E7%90%86%E6%9C%8D%E5%8A%A1%E5%99%A8%E8%BF%9E%E6%8E%A5%E6%97%B6%E8%A2%AB%E6%8B%92%E7%BB%9D%E3%80%82"
1511316877012	Marionette	DEBUG	Received DOM event "DOMContentLoaded" for "about:neterror?e=proxyConnectFailure&u=http%3A//crm.guxiansheng.cn/&c=UTF-8&f=regular&d=Firefox%20%E5%B0%9D%E8%AF%95%E4%B8%8E%E6%82%A8%E6%8C%87%E5%AE%9A%E7%9A%84%E4%BB%A3%E7%90%86%E6%9C%8D%E5%8A%A1%E5%99%A8%E8%BF%9E%E6%8E%A5%E6%97%B6%E8%A2%AB%E6%8B%92%E7%BB%9D%E3%80%82"
1511316878020	Marionette	DEBUG	Received DOM event "beforeunload" for "about:neterror?e=proxyConnectFailure&u=http%3A//crm.guxiansheng.cn/&c=UTF-8&f=regular&d=Firefox%20%E5%B0%9D%E8%AF%95%E4%B8%8E%E6%82%A8%E6%8C%87%E5%AE%9A%E7%9A%84%E4%BB%A3%E7%90%86%E6%9C%8D%E5%8A%A1%E5%99%A8%E8%BF%9E%E6%8E%A5%E6%97%B6%E8%A2%AB%E6%8B%92%E7%BB%9D%E3%80%82"
1511316879028	Marionette	DEBUG	Received DOM event "beforeunload" for "about:neterror?e=proxyConnectFailure&u=http%3A//crm.guxiansheng.cn/&c=UTF-8&f=regular&d=Firefox%20%E5%B0%9D%E8%AF%95%E4%B8%8E%E6%82%A8%E6%8C%87%E5%AE%9A%E7%9A%84%E4%BB%A3%E7%90%86%E6%9C%8D%E5%8A%A1%E5%99%A8%E8%BF%9E%E6%8E%A5%E6%97%B6%E8%A2%AB%E6%8B%92%E7%BB%9D%E3%80%82"
1511316879030	Marionette	DEBUG	Received DOM event "pagehide" for "about:neterror?e=proxyConnectFailure&u=http%3A//crm.guxiansheng.cn/&c=UTF-8&f=regular&d=Firefox%20%E5%B0%9D%E8%AF%95%E4%B8%8E%E6%82%A8%E6%8C%87%E5%AE%9A%E7%9A%84%E4%BB%A3%E7%90%86%E6%9C%8D%E5%8A%A1%E5%99%A8%E8%BF%9E%E6%8E%A5%E6%97%B6%E8%A2%AB%E6%8B%92%E7%BB%9D%E3%80%82"
1511316879030	Marionette	DEBUG	Received DOM event "unload" for "about:neterror?e=proxyConnectFailure&u=http%3A//crm.guxiansheng.cn/&c=UTF-8&f=regular&d=Firefox%20%E5%B0%9D%E8%AF%95%E4%B8%8E%E6%82%A8%E6%8C%87%E5%AE%9A%E7%9A%84%E4%BB%A3%E7%90%86%E6%9C%8D%E5%8A%A1%E5%99%A8%E8%BF%9E%E6%8E%A5%E6%97%B6%E8%A2%AB%E6%8B%92%E7%BB%9D%E3%80%82"
1511316879041	Marionette	DEBUG	Received DOM event "DOMContentLoaded" for "about:neterror?e=proxyConnectFailure&u=http%3A//crm.guxiansheng.cn/&c=UTF-8&f=regular&d=Firefox%20%E5%B0%9D%E8%AF%95%E4%B8%8E%E6%82%A8%E6%8C%87%E5%AE%9A%E7%9A%84%E4%BB%A3%E7%90%86%E6%9C%8D%E5%8A%A1%E5%99%A8%E8%BF%9E%E6%8E%A5%E6%97%B6%E8%A2%AB%E6%8B%92%E7%BB%9D%E3%80%82"
1511316880049	Marionette	DEBUG	Received DOM event "beforeunload" for "about:neterror?e=proxyConnectFailure&u=http%3A//crm.guxiansheng.cn/&c=UTF-8&f=regular&d=Firefox%20%E5%B0%9D%E8%AF%95%E4%B8%8E%E6%82%A8%E6%8C%87%E5%AE%9A%E7%9A%84%E4%BB%A3%E7%90%86%E6%9C%8D%E5%8A%A1%E5%99%A8%E8%BF%9E%E6%8E%A5%E6%97%B6%E8%A2%AB%E6%8B%92%E7%BB%9D%E3%80%82"
1511316881060	Marionette	DEBUG	Received DOM event "beforeunload" for "about:neterror?e=proxyConnectFailure&u=http%3A//crm.guxiansheng.cn/&c=UTF-8&f=regular&d=Firefox%20%E5%B0%9D%E8%AF%95%E4%B8%8E%E6%82%A8%E6%8C%87%E5%AE%9A%E7%9A%84%E4%BB%A3%E7%90%86%E6%9C%8D%E5%8A%A1%E5%99%A8%E8%BF%9E%E6%8E%A5%E6%97%B6%E8%A2%AB%E6%8B%92%E7%BB%9D%E3%80%82"
1511316881063	Marionette	DEBUG	Received DOM event "pagehide" for "about:neterror?e=proxyConnectFailure&u=http%3A//crm.guxiansheng.cn/&c=UTF-8&f=regular&d=Firefox%20%E5%B0%9D%E8%AF%95%E4%B8%8E%E6%82%A8%E6%8C%87%E5%AE%9A%E7%9A%84%E4%BB%A3%E7%90%86%E6%9C%8D%E5%8A%A1%E5%99%A8%E8%BF%9E%E6%8E%A5%E6%97%B6%E8%A2%AB%E6%8B%92%E7%BB%9D%E3%80%82"
1511316881063	Marionette	DEBUG	Received DOM event "unload" for "about:neterror?e=proxyConnectFailure&u=http%3A//crm.guxiansheng.cn/&c=UTF-8&f=regular&d=Firefox%20%E5%B0%9D%E8%AF%95%E4%B8%8E%E6%82%A8%E6%8C%87%E5%AE%9A%E7%9A%84%E4%BB%A3%E7%90%86%E6%9C%8D%E5%8A%A1%E5%99%A8%E8%BF%9E%E6%8E%A5%E6%97%B6%E8%A2%AB%E6%8B%92%E7%BB%9D%E3%80%82"
1511316881076	Marionette	DEBUG	Received DOM event "DOMContentLoaded" for "about:neterror?e=proxyConnectFailure&u=http%3A//crm.guxiansheng.cn/&c=UTF-8&f=regular&d=Firefox%20%E5%B0%9D%E8%AF%95%E4%B8%8E%E6%82%A8%E6%8C%87%E5%AE%9A%E7%9A%84%E4%BB%A3%E7%90%86%E6%9C%8D%E5%8A%A1%E5%99%A8%E8%BF%9E%E6%8E%A5%E6%97%B6%E8%A2%AB%E6%8B%92%E7%BB%9D%E3%80%82"
1511316882095	Marionette	DEBUG	Received DOM event "beforeunload" for "about:neterror?e=proxyConnectFailure&u=http%3A//crm.guxiansheng.cn/&c=UTF-8&f=regular&d=Firefox%20%E5%B0%9D%E8%AF%95%E4%B8%8E%E6%82%A8%E6%8C%87%E5%AE%9A%E7%9A%84%E4%BB%A3%E7%90%86%E6%9C%8D%E5%8A%A1%E5%99%A8%E8%BF%9E%E6%8E%A5%E6%97%B6%E8%A2%AB%E6%8B%92%E7%BB%9D%E3%80%82"
1511316883109	Marionette	DEBUG	Received DOM event "beforeunload" for "about:neterror?e=proxyConnectFailure&u=http%3A//crm.guxiansheng.cn/&c=UTF-8&f=regular&d=Firefox%20%E5%B0%9D%E8%AF%95%E4%B8%8E%E6%82%A8%E6%8C%87%E5%AE%9A%E7%9A%84%E4%BB%A3%E7%90%86%E6%9C%8D%E5%8A%A1%E5%99%A8%E8%BF%9E%E6%8E%A5%E6%97%B6%E8%A2%AB%E6%8B%92%E7%BB%9D%E3%80%82"
1511316883112	Marionette	DEBUG	Received DOM event "pagehide" for "about:neterror?e=proxyConnectFailure&u=http%3A//crm.guxiansheng.cn/&c=UTF-8&f=regular&d=Firefox%20%E5%B0%9D%E8%AF%95%E4%B8%8E%E6%82%A8%E6%8C%87%E5%AE%9A%E7%9A%84%E4%BB%A3%E7%90%86%E6%9C%8D%E5%8A%A1%E5%99%A8%E8%BF%9E%E6%8E%A5%E6%97%B6%E8%A2%AB%E6%8B%92%E7%BB%9D%E3%80%82"
1511316883116	Marionette	DEBUG	Received DOM event "unload" for "about:neterror?e=proxyConnectFailure&u=http%3A//crm.guxiansheng.cn/&c=UTF-8&f=regular&d=Firefox%20%E5%B0%9D%E8%AF%95%E4%B8%8E%E6%82%A8%E6%8C%87%E5%AE%9A%E7%9A%84%E4%BB%A3%E7%90%86%E6%9C%8D%E5%8A%A1%E5%99%A8%E8%BF%9E%E6%8E%A5%E6%97%B6%E8%A2%AB%E6%8B%92%E7%BB%9D%E3%80%82"
1511316883142	Marionette	DEBUG	Received DOM event "DOMContentLoaded" for "about:neterror?e=proxyConnectFailure&u=http%3A//crm.guxiansheng.cn/&c=UTF-8&f=regular&d=Firefox%20%E5%B0%9D%E8%AF%95%E4%B8%8E%E6%82%A8%E6%8C%87%E5%AE%9A%E7%9A%84%E4%BB%A3%E7%90%86%E6%9C%8D%E5%8A%A1%E5%99%A8%E8%BF%9E%E6%8E%A5%E6%97%B6%E8%A2%AB%E6%8B%92%E7%BB%9D%E3%80%82"
1511316884160	Marionette	DEBUG	Received DOM event "beforeunload" for "about:neterror?e=proxyConnectFailure&u=http%3A//crm.guxiansheng.cn/&c=UTF-8&f=regular&d=Firefox%20%E5%B0%9D%E8%AF%95%E4%B8%8E%E6%82%A8%E6%8C%87%E5%AE%9A%E7%9A%84%E4%BB%A3%E7%90%86%E6%9C%8D%E5%8A%A1%E5%99%A8%E8%BF%9E%E6%8E%A5%E6%97%B6%E8%A2%AB%E6%8B%92%E7%BB%9D%E3%80%82"
1511316885166	Marionette	DEBUG	Received DOM event "beforeunload" for "about:neterror?e=proxyConnectFailure&u=http%3A//crm.guxiansheng.cn/&c=UTF-8&f=regular&d=Firefox%20%E5%B0%9D%E8%AF%95%E4%B8%8E%E6%82%A8%E6%8C%87%E5%AE%9A%E7%9A%84%E4%BB%A3%E7%90%86%E6%9C%8D%E5%8A%A1%E5%99%A8%E8%BF%9E%E6%8E%A5%E6%97%B6%E8%A2%AB%E6%8B%92%E7%BB%9D%E3%80%82"
1511316885168	Marionette	DEBUG	Received DOM event "pagehide" for "about:neterror?e=proxyConnectFailure&u=http%3A//crm.guxiansheng.cn/&c=UTF-8&f=regular&d=Firefox%20%E5%B0%9D%E8%AF%95%E4%B8%8E%E6%82%A8%E6%8C%87%E5%AE%9A%E7%9A%84%E4%BB%A3%E7%90%86%E6%9C%8D%E5%8A%A1%E5%99%A8%E8%BF%9E%E6%8E%A5%E6%97%B6%E8%A2%AB%E6%8B%92%E7%BB%9D%E3%80%82"
1511316885168	Marionette	DEBUG	Received DOM event "unload" for "about:neterror?e=proxyConnectFailure&u=http%3A//crm.guxiansheng.cn/&c=UTF-8&f=regular&d=Firefox%20%E5%B0%9D%E8%AF%95%E4%B8%8E%E6%82%A8%E6%8C%87%E5%AE%9A%E7%9A%84%E4%BB%A3%E7%90%86%E6%9C%8D%E5%8A%A1%E5%99%A8%E8%BF%9E%E6%8E%A5%E6%97%B6%E8%A2%AB%E6%8B%92%E7%BB%9D%E3%80%82"
1511316885180	Marionette	DEBUG	Received DOM event "DOMContentLoaded" for "about:neterror?e=proxyConnectFailure&u=http%3A//crm.guxiansheng.cn/&c=UTF-8&f=regular&d=Firefox%20%E5%B0%9D%E8%AF%95%E4%B8%8E%E6%82%A8%E6%8C%87%E5%AE%9A%E7%9A%84%E4%BB%A3%E7%90%86%E6%9C%8D%E5%8A%A1%E5%99%A8%E8%BF%9E%E6%8E%A5%E6%97%B6%E8%A2%AB%E6%8B%92%E7%BB%9D%E3%80%82"
1511316886190	Marionette	DEBUG	Received DOM event "beforeunload" for "about:neterror?e=proxyConnectFailure&u=http%3A//crm.guxiansheng.cn/&c=UTF-8&f=regular&d=Firefox%20%E5%B0%9D%E8%AF%95%E4%B8%8E%E6%82%A8%E6%8C%87%E5%AE%9A%E7%9A%84%E4%BB%A3%E7%90%86%E6%9C%8D%E5%8A%A1%E5%99%A8%E8%BF%9E%E6%8E%A5%E6%97%B6%E8%A2%AB%E6%8B%92%E7%BB%9D%E3%80%82"
1511316887204	Marionette	DEBUG	Received DOM event "beforeunload" for "about:neterror?e=proxyConnectFailure&u=http%3A//crm.guxiansheng.cn/&c=UTF-8&f=regular&d=Firefox%20%E5%B0%9D%E8%AF%95%E4%B8%8E%E6%82%A8%E6%8C%87%E5%AE%9A%E7%9A%84%E4%BB%A3%E7%90%86%E6%9C%8D%E5%8A%A1%E5%99%A8%E8%BF%9E%E6%8E%A5%E6%97%B6%E8%A2%AB%E6%8B%92%E7%BB%9D%E3%80%82"
1511316887206	Marionette	DEBUG	Received DOM event "pagehide" for "about:neterror?e=proxyConnectFailure&u=http%3A//crm.guxiansheng.cn/&c=UTF-8&f=regular&d=Firefox%20%E5%B0%9D%E8%AF%95%E4%B8%8E%E6%82%A8%E6%8C%87%E5%AE%9A%E7%9A%84%E4%BB%A3%E7%90%86%E6%9C%8D%E5%8A%A1%E5%99%A8%E8%BF%9E%E6%8E%A5%E6%97%B6%E8%A2%AB%E6%8B%92%E7%BB%9D%E3%80%82"
1511316887206	Marionette	DEBUG	Received DOM event "unload" for "about:neterror?e=proxyConnectFailure&u=http%3A//crm.guxiansheng.cn/&c=UTF-8&f=regular&d=Firefox%20%E5%B0%9D%E8%AF%95%E4%B8%8E%E6%82%A8%E6%8C%87%E5%AE%9A%E7%9A%84%E4%BB%A3%E7%90%86%E6%9C%8D%E5%8A%A1%E5%99%A8%E8%BF%9E%E6%8E%A5%E6%97%B6%E8%A2%AB%E6%8B%92%E7%BB%9D%E3%80%82"
1511316887218	Marionette	DEBUG	Received DOM event "DOMContentLoaded" for "about:neterror?e=proxyConnectFailure&u=http%3A//crm.guxiansheng.cn/&c=UTF-8&f=regular&d=Firefox%20%E5%B0%9D%E8%AF%95%E4%B8%8E%E6%82%A8%E6%8C%87%E5%AE%9A%E7%9A%84%E4%BB%A3%E7%90%86%E6%9C%8D%E5%8A%A1%E5%99%A8%E8%BF%9E%E6%8E%A5%E6%97%B6%E8%A2%AB%E6%8B%92%E7%BB%9D%E3%80%82"
1511316888215	Marionette	DEBUG	Received DOM event "beforeunload" for "about:neterror?e=proxyConnectFailure&u=http%3A//crm.guxiansheng.cn/&c=UTF-8&f=regular&d=Firefox%20%E5%B0%9D%E8%AF%95%E4%B8%8E%E6%82%A8%E6%8C%87%E5%AE%9A%E7%9A%84%E4%BB%A3%E7%90%86%E6%9C%8D%E5%8A%A1%E5%99%A8%E8%BF%9E%E6%8E%A5%E6%97%B6%E8%A2%AB%E6%8B%92%E7%BB%9D%E3%80%82"
1511316889226	Marionette	DEBUG	Received DOM event "beforeunload" for "about:neterror?e=proxyConnectFailure&u=http%3A//crm.guxiansheng.cn/&c=UTF-8&f=regular&d=Firefox%20%E5%B0%9D%E8%AF%95%E4%B8%8E%E6%82%A8%E6%8C%87%E5%AE%9A%E7%9A%84%E4%BB%A3%E7%90%86%E6%9C%8D%E5%8A%A1%E5%99%A8%E8%BF%9E%E6%8E%A5%E6%97%B6%E8%A2%AB%E6%8B%92%E7%BB%9D%E3%80%82"
1511316889228	Marionette	DEBUG	Received DOM event "pagehide" for "about:neterror?e=proxyConnectFailure&u=http%3A//crm.guxiansheng.cn/&c=UTF-8&f=regular&d=Firefox%20%E5%B0%9D%E8%AF%95%E4%B8%8E%E6%82%A8%E6%8C%87%E5%AE%9A%E7%9A%84%E4%BB%A3%E7%90%86%E6%9C%8D%E5%8A%A1%E5%99%A8%E8%BF%9E%E6%8E%A5%E6%97%B6%E8%A2%AB%E6%8B%92%E7%BB%9D%E3%80%82"
1511316889228	Marionette	DEBUG	Received DOM event "unload" for "about:neterror?e=proxyConnectFailure&u=http%3A//crm.guxiansheng.cn/&c=UTF-8&f=regular&d=Firefox%20%E5%B0%9D%E8%AF%95%E4%B8%8E%E6%82%A8%E6%8C%87%E5%AE%9A%E7%9A%84%E4%BB%A3%E7%90%86%E6%9C%8D%E5%8A%A1%E5%99%A8%E8%BF%9E%E6%8E%A5%E6%97%B6%E8%A2%AB%E6%8B%92%E7%BB%9D%E3%80%82"
1511316889240	Marionette	DEBUG	Received DOM event "DOMContentLoaded" for "about:neterror?e=proxyConnectFailure&u=http%3A//crm.guxiansheng.cn/&c=UTF-8&f=regular&d=Firefox%20%E5%B0%9D%E8%AF%95%E4%B8%8E%E6%82%A8%E6%8C%87%E5%AE%9A%E7%9A%84%E4%BB%A3%E7%90%86%E6%9C%8D%E5%8A%A1%E5%99%A8%E8%BF%9E%E6%8E%A5%E6%97%B6%E8%A2%AB%E6%8B%92%E7%BB%9D%E3%80%82"
[Child 2428] WARNING: pipe error: 109: file z:/build/build/src/ipc/chromium/src/chrome/common/ipc_channel_win.cc, line 346
[Child 2428] WARNING: pipe error: 109: file z:/build/build/src/ipc/chromium/src/chrome/common/ipc_channel_win.cc, line 346
*** UTM:SVC TimerManager:registerTimer called after profile-before-change notification. Ignoring timer registration for id: telemetry_modules_ping
[GPU 11340] WARNING: pipe error: 109: file z:/build/build/src/ipc/chromium/src/chrome/common/ipc_channel_win.cc, line 346

###!!! [Child][MessageChannel::SendAndWait] Error: Channel error: cannot send/recv

